[13/01/2020 16:57:39] - Error: Code: 42S22 - Line 83 - SQLSTATE[42S22]: Column not found: 1054 Unknown column 'contrato' in 'field list'
[13/01/2020 16:59:50] - Error: Code: 42S22 - Line 83 - SQLSTATE[42S22]: Column not found: 1054 Unknown column 'contrato' in 'field list'
[13/01/2020 17:02:12] - Error: Code: 42S22 - Line 83 - SQLSTATE[42S22]: Column not found: 1054 Unknown column 'contrato' in 'field list'
[13/01/2020 17:48:47] - Error: Code: 42S22 - Line 83 - SQLSTATE[42S22]: Column not found: 1054 Unknown column 'contrato' in 'field list'
[13/01/2020 18:31:15] - Error: Code: 42S22 - Line 83 - SQLSTATE[42S22]: Column not found: 1054 Unknown column 'contrato' in 'field list'
[14/01/2020 12:22:01] - Error: Code: 42S22 - Line 83 - SQLSTATE[42S22]: Column not found: 1054 Unknown column 'contrato' in 'field list'
[14/01/2020 12:32:57] - Error: Code: 42S22 - Line 83 - SQLSTATE[42S22]: Column not found: 1054 Unknown column 'contrato' in 'field list'
[14/01/2020 12:57:37] - Error: Code: 23000 - Line 83 - SQLSTATE[23000]: Integrity constraint violation: 1062 Duplicate entry '333' for key 'PRIMARY'
[14/01/2020 13:16:54] - Error: Code: 42S22 - Line 83 - SQLSTATE[42S22]: Column not found: 1054 Unknown column 'contrato' in 'field list'
[14/01/2020 13:29:47] - Error: Code: 42S22 - Line 83 - SQLSTATE[42S22]: Column not found: 1054 Unknown column 'contrato' in 'field list'
[14/01/2020 13:38:41] - Error: Code: 23000 - Line 83 - SQLSTATE[23000]: Integrity constraint violation: 1062 Duplicate entry '180' for key 'PRIMARY'
[14/01/2020 13:39:06] - Error: Code: 23000 - Line 83 - SQLSTATE[23000]: Integrity constraint violation: 1062 Duplicate entry '300' for key 'PRIMARY'
[14/01/2020 13:50:21] - Error: Code: 23000 - Line 83 - SQLSTATE[23000]: Integrity constraint violation: 1062 Duplicate entry '215' for key 'PRIMARY'
[14/01/2020 17:28:57] - Error: Code: 23000 - Line 83 - SQLSTATE[23000]: Integrity constraint violation: 1062 Duplicate entry '235' for key 'PRIMARY'
[14/01/2020 17:29:04] - Error: Code: 23000 - Line 83 - SQLSTATE[23000]: Integrity constraint violation: 1062 Duplicate entry '235' for key 'PRIMARY'
[14/01/2020 17:49:15] - Error: Code: 23000 - Line 83 - SQLSTATE[23000]: Integrity constraint violation: 1062 Duplicate entry '3' for key 'PRIMARY'
[14/01/2020 17:54:33] - Error: Code: 23000 - Line 83 - SQLSTATE[23000]: Integrity constraint violation: 1062 Duplicate entry '3' for key 'PRIMARY'
[14/01/2020 17:58:32] - Error: Code: 23000 - Line 83 - SQLSTATE[23000]: Integrity constraint violation: 1062 Duplicate entry '149' for key 'PRIMARY'
[14/01/2020 18:08:50] - Error: Code: 23000 - Line 83 - SQLSTATE[23000]: Integrity constraint violation: 1062 Duplicate entry '13' for key 'PRIMARY'
[14/01/2020 18:08:54] - Error: Code: 23000 - Line 83 - SQLSTATE[23000]: Integrity constraint violation: 1062 Duplicate entry '13' for key 'PRIMARY'
[14/01/2020 18:10:31] - Error: Code: 23000 - Line 83 - SQLSTATE[23000]: Integrity constraint violation: 1062 Duplicate entry '13' for key 'PRIMARY'
[14/01/2020 18:20:37] - Error: Code: 23000 - Line 83 - SQLSTATE[23000]: Integrity constraint violation: 1062 Duplicate entry '258' for key 'PRIMARY'
[14/01/2020 18:22:54] - Error: Code: 23000 - Line 83 - SQLSTATE[23000]: Integrity constraint violation: 1062 Duplicate entry '138' for key 'PRIMARY'
[14/01/2020 18:22:54] - Error: Code: 23000 - Line 83 - SQLSTATE[23000]: Integrity constraint violation: 1062 Duplicate entry '138' for key 'PRIMARY'
[14/01/2020 18:22:54] - Error: Code: 23000 - Line 83 - SQLSTATE[23000]: Integrity constraint violation: 1062 Duplicate entry '138' for key 'PRIMARY'
[14/01/2020 18:24:16] - Error: Code: 23000 - Line 83 - SQLSTATE[23000]: Integrity constraint violation: 1062 Duplicate entry '140' for key 'PRIMARY'
[14/01/2020 18:25:59] - Error: Code: 23000 - Line 83 - SQLSTATE[23000]: Integrity constraint violation: 1062 Duplicate entry '4' for key 'PRIMARY'
[16/01/2020 14:42:09] - Error: Code: HY000 - Line 83 - SQLSTATE[HY000]: General error: 1366 Incorrect integer value: '' for column 'id_nivel' at row 1
[22/01/2020 19:20:33] - Error: Code: HY000 - Line 83 - SQLSTATE[HY000]: General error: 1366 Incorrect integer value: '' for column 'id_vendedor' at row 1
[23/01/2020 11:25:15] - Error: Code: 23000 - Line 83 - SQLSTATE[23000]: Integrity constraint violation: 1062 Duplicate entry '302' for key 'PRIMARY'
[23/01/2020 11:33:08] - Error: Code: HY000 - Line 83 - SQLSTATE[HY000]: General error: 1366 Incorrect integer value: '' for column 'id_vendedor' at row 1
[23/01/2020 13:28:19] - Error: Code: HY000 - Line 83 - SQLSTATE[HY000]: General error: 1366 Incorrect integer value: '' for column 'id_vendedor' at row 1
[24/01/2020 11:59:04] - Error: Code: HY000 - Line 83 - SQLSTATE[HY000]: General error: 1366 Incorrect integer value: '' for column 'id_vendedor' at row 1
[28/01/2020 18:54:42] - Error: Code: 42S22 - Line 83 - SQLSTATE[42S22]: Column not found: 1054 Unknown column 'valor' in 'field list'
[28/01/2020 18:58:06] - Error: Code: 42S22 - Line 83 - SQLSTATE[42S22]: Column not found: 1054 Unknown column 'valor' in 'field list'
[18/02/2020 16:00:01] - Error: Code: HY000 - Line 83 - SQLSTATE[HY000]: General error: 1366 Incorrect integer value: 'ATÉ 25%' for column 'desconto' at row 1
[18/02/2020 16:00:01] - Error: Code: 23000 - Line 83 - SQLSTATE[23000]: Integrity constraint violation: 1452 Cannot add or update a child row: a foreign key constraint fails (`medserrana_sistema`.`contratos`, CONSTRAINT `fk_usuario_contrato` FOREIGN KEY (`id_usuario`) REFERENCES `usuarios` (`id`))
[18/02/2020 16:05:30] - Error: Code: HY000 - Line 83 - SQLSTATE[HY000]: General error: 1366 Incorrect integer value: '' for column 'id_vendedor' at row 1
[20/02/2020 11:35:50] - Error: Code: 23000 - Line 83 - SQLSTATE[23000]: Integrity constraint violation: 1062 Duplicate entry '333' for key 'PRIMARY'
[20/02/2020 11:49:29] - Error: Code: 23000 - Line 83 - SQLSTATE[23000]: Integrity constraint violation: 1062 Duplicate entry '340' for key 'PRIMARY'
[20/02/2020 12:00:20] - Error: Code: 23000 - Line 83 - SQLSTATE[23000]: Integrity constraint violation: 1062 Duplicate entry '231' for key 'PRIMARY'
[20/02/2020 12:00:55] - Error: Code: 23000 - Line 83 - SQLSTATE[23000]: Integrity constraint violation: 1062 Duplicate entry '323' for key 'PRIMARY'
[20/02/2020 12:22:42] - Error: Code: 23000 - Line 83 - SQLSTATE[23000]: Integrity constraint violation: 1062 Duplicate entry '180' for key 'PRIMARY'
[20/02/2020 12:24:01] - Error: Code: 23000 - Line 83 - SQLSTATE[23000]: Integrity constraint violation: 1062 Duplicate entry '242' for key 'PRIMARY'
[20/02/2020 12:33:32] - Error: Code: 23000 - Line 83 - SQLSTATE[23000]: Integrity constraint violation: 1062 Duplicate entry '242' for key 'PRIMARY'
[20/02/2020 12:34:36] - Error: Code: 23000 - Line 83 - SQLSTATE[23000]: Integrity constraint violation: 1062 Duplicate entry '98' for key 'PRIMARY'
[20/02/2020 13:12:45] - Error: Code: 23000 - Line 83 - SQLSTATE[23000]: Integrity constraint violation: 1062 Duplicate entry '235' for key 'PRIMARY'
[20/02/2020 13:13:04] - Error: Code: 23000 - Line 83 - SQLSTATE[23000]: Integrity constraint violation: 1062 Duplicate entry '235' for key 'PRIMARY'
[20/02/2020 13:13:05] - Error: Code: 23000 - Line 83 - SQLSTATE[23000]: Integrity constraint violation: 1062 Duplicate entry '235' for key 'PRIMARY'
[20/02/2020 13:13:05] - Error: Code: 23000 - Line 83 - SQLSTATE[23000]: Integrity constraint violation: 1062 Duplicate entry '235' for key 'PRIMARY'
[20/02/2020 13:29:57] - Error: Code: 23000 - Line 83 - SQLSTATE[23000]: Integrity constraint violation: 1062 Duplicate entry '216' for key 'PRIMARY'
[20/02/2020 15:29:45] - Error: Code: 23000 - Line 83 - SQLSTATE[23000]: Integrity constraint violation: 1062 Duplicate entry '274' for key 'PRIMARY'
[20/02/2020 15:30:54] - Error: Code: 23000 - Line 83 - SQLSTATE[23000]: Integrity constraint violation: 1062 Duplicate entry '128' for key 'PRIMARY'
[20/02/2020 15:32:21] - Error: Code: 23000 - Line 83 - SQLSTATE[23000]: Integrity constraint violation: 1062 Duplicate entry '7' for key 'PRIMARY'
[20/02/2020 15:32:44] - Error: Code: 23000 - Line 83 - SQLSTATE[23000]: Integrity constraint violation: 1062 Duplicate entry '115' for key 'PRIMARY'
[20/02/2020 15:33:10] - Error: Code: 23000 - Line 83 - SQLSTATE[23000]: Integrity constraint violation: 1062 Duplicate entry '313' for key 'PRIMARY'
[20/02/2020 15:33:15] - Error: Code: 23000 - Line 83 - SQLSTATE[23000]: Integrity constraint violation: 1062 Duplicate entry '313' for key 'PRIMARY'
[20/02/2020 15:33:16] - Error: Code: 23000 - Line 83 - SQLSTATE[23000]: Integrity constraint violation: 1062 Duplicate entry '313' for key 'PRIMARY'
[20/02/2020 15:33:22] - Error: Code: 23000 - Line 83 - SQLSTATE[23000]: Integrity constraint violation: 1062 Duplicate entry '313' for key 'PRIMARY'
[20/02/2020 15:34:57] - Error: Code: 23000 - Line 83 - SQLSTATE[23000]: Integrity constraint violation: 1062 Duplicate entry '144' for key 'PRIMARY'
[20/02/2020 15:46:08] - Error: Code: 23000 - Line 83 - SQLSTATE[23000]: Integrity constraint violation: 1062 Duplicate entry '343' for key 'PRIMARY'
[20/02/2020 15:46:17] - Error: Code: 23000 - Line 83 - SQLSTATE[23000]: Integrity constraint violation: 1062 Duplicate entry '343' for key 'PRIMARY'
[20/02/2020 15:46:30] - Error: Code: 23000 - Line 83 - SQLSTATE[23000]: Integrity constraint violation: 1062 Duplicate entry '343' for key 'PRIMARY'
[21/02/2020 16:49:28] - Error: Code: 23000 - Line 83 - SQLSTATE[23000]: Integrity constraint violation: 1062 Duplicate entry '210' for key 'PRIMARY'
[21/02/2020 16:53:43] - Error: Code: 23000 - Line 83 - SQLSTATE[23000]: Integrity constraint violation: 1062 Duplicate entry '188' for key 'PRIMARY'
[21/02/2020 16:56:12] - Error: Code: 23000 - Line 83 - SQLSTATE[23000]: Integrity constraint violation: 1062 Duplicate entry '209' for key 'PRIMARY'
[21/02/2020 16:59:25] - Error: Code: 23000 - Line 83 - SQLSTATE[23000]: Integrity constraint violation: 1062 Duplicate entry '58' for key 'PRIMARY'
[21/02/2020 17:00:57] - Error: Code: 23000 - Line 83 - SQLSTATE[23000]: Integrity constraint violation: 1062 Duplicate entry '354' for key 'PRIMARY'
[21/02/2020 17:04:09] - Error: Code: 23000 - Line 83 - SQLSTATE[23000]: Integrity constraint violation: 1062 Duplicate entry '414' for key 'PRIMARY'
[21/02/2020 17:08:20] - Error: Code: 23000 - Line 83 - SQLSTATE[23000]: Integrity constraint violation: 1062 Duplicate entry '355' for key 'PRIMARY'
[21/02/2020 17:08:37] - Error: Code: 23000 - Line 83 - SQLSTATE[23000]: Integrity constraint violation: 1062 Duplicate entry '336' for key 'PRIMARY'
[21/02/2020 17:12:11] - Error: Code: 23000 - Line 83 - SQLSTATE[23000]: Integrity constraint violation: 1062 Duplicate entry '344' for key 'PRIMARY'
[21/02/2020 17:14:59] - Error: Code: 23000 - Line 83 - SQLSTATE[23000]: Integrity constraint violation: 1062 Duplicate entry '294' for key 'PRIMARY'
[21/02/2020 17:18:26] - Error: Code: 23000 - Line 83 - SQLSTATE[23000]: Integrity constraint violation: 1062 Duplicate entry '236' for key 'PRIMARY'
[21/02/2020 17:22:08] - Error: Code: 23000 - Line 83 - SQLSTATE[23000]: Integrity constraint violation: 1062 Duplicate entry '258' for key 'PRIMARY'
[21/02/2020 17:36:41] - Error: Code: 23000 - Line 83 - SQLSTATE[23000]: Integrity constraint violation: 1062 Duplicate entry '342' for key 'PRIMARY'
[21/02/2020 17:37:37] - Error: Code: 23000 - Line 83 - SQLSTATE[23000]: Integrity constraint violation: 1062 Duplicate entry '299' for key 'PRIMARY'
[21/02/2020 17:38:34] - Error: Code: 23000 - Line 83 - SQLSTATE[23000]: Integrity constraint violation: 1062 Duplicate entry '64' for key 'PRIMARY'
[21/02/2020 17:39:09] - Error: Code: 23000 - Line 83 - SQLSTATE[23000]: Integrity constraint violation: 1062 Duplicate entry '9' for key 'PRIMARY'
[21/02/2020 17:42:16] - Error: Code: 23000 - Line 83 - SQLSTATE[23000]: Integrity constraint violation: 1062 Duplicate entry '229' for key 'PRIMARY'
[21/02/2020 17:45:07] - Error: Code: 23000 - Line 83 - SQLSTATE[23000]: Integrity constraint violation: 1062 Duplicate entry '280' for key 'PRIMARY'
[21/02/2020 17:57:13] - Error: Code: 23000 - Line 83 - SQLSTATE[23000]: Integrity constraint violation: 1062 Duplicate entry '259' for key 'PRIMARY'
[21/02/2020 17:57:21] - Error: Code: 23000 - Line 83 - SQLSTATE[23000]: Integrity constraint violation: 1062 Duplicate entry '259' for key 'PRIMARY'
[21/02/2020 17:57:22] - Error: Code: 23000 - Line 83 - SQLSTATE[23000]: Integrity constraint violation: 1062 Duplicate entry '259' for key 'PRIMARY'
[21/02/2020 17:57:40] - Error: Code: 23000 - Line 83 - SQLSTATE[23000]: Integrity constraint violation: 1062 Duplicate entry '2' for key 'PRIMARY'
[21/02/2020 18:03:07] - Error: Code: 23000 - Line 83 - SQLSTATE[23000]: Integrity constraint violation: 1062 Duplicate entry '1' for key 'PRIMARY'
[21/02/2020 18:03:12] - Error: Code: 23000 - Line 83 - SQLSTATE[23000]: Integrity constraint violation: 1062 Duplicate entry '1' for key 'PRIMARY'
[21/02/2020 18:03:46] - Error: Code: 23000 - Line 83 - SQLSTATE[23000]: Integrity constraint violation: 1062 Duplicate entry '250' for key 'PRIMARY'
[21/02/2020 18:05:20] - Error: Code: 23000 - Line 83 - SQLSTATE[23000]: Integrity constraint violation: 1062 Duplicate entry '200' for key 'PRIMARY'
[21/02/2020 18:05:40] - Error: Code: 23000 - Line 83 - SQLSTATE[23000]: Integrity constraint violation: 1062 Duplicate entry '341' for key 'PRIMARY'
